<?xml version="1.0" encoding="UTF-8"?>
<testsuite xmlns:xsi="http://www.w3.org/2001/XMLSchema-instance" xsi:noNamespaceSchemaLocation="https://maven.apache.org/surefire/maven-surefire-plugin/xsd/surefire-test-report-3.0.xsd" version="3.0" name="com.example.xpto.XptoApplicationTests" time="148.58" tests="1" errors="0" skipped="0" failures="0">
  <properties>
[...]
</properties>
  <testcase name="contextLoads" classname="com.example.xpto.XptoApplicationTests" time="1.221">
    <system-out><![CDATA[22:25:49.785 [main] INFO org.springframework.test.context.support.AnnotationConfigContextLoaderUtils -- Could not detect default configuration classes for test class [com.example.xpto.XptoApplicationTests]: XptoApplicationTests does not declare any static, non-private, non-final, nested classes annotated with @Configuration.
22:25:49.949 [main] INFO org.springframework.boot.test.context.SpringBootTestContextBootstrapper -- Found @SpringBootConfiguration com.example.xpto.XptoApplication for test class com.example.xpto.XptoApplicationTests
22:25:50.164 [main] INFO org.springframework.boot.devtools.restart.RestartApplicationListener -- Restart disabled due to context in which it is running

  .   ____          _            __ _ _
 /\\ / ___'_ __ _ _(_)_ __  __ _ \ \ \ \
( ( )\___ | '_ | '_| | '_ \/ _` | \ \ \ \
 \\/  ___)| |_)| | | | | || (_| |  ) ) ) )
  '  |____| .__|_| |_|_| |_\__, | / / / /
 =========|_|==============|___/=/_/_/_/

 :: Spring Boot ::                (v3.3.3)

2024-09-19T22:25:50.564-03:00  INFO 41071 --- [xpto] [           main] com.example.xpto.XptoApplicationTests    : Starting XptoApplicationTests using Java 17.0.12 with PID 41071 (started by ricksonm in /home/ricksonm/Downloads/xpto/xpto)
2024-09-19T22:25:50.567-03:00  INFO 41071 --- [xpto] [           main] com.example.xpto.XptoApplicationTests    : No active profile set, falling back to 1 default profile: "default"
2024-09-19T22:25:51.477-03:00  INFO 41071 --- [xpto] [           main] .s.d.r.c.RepositoryConfigurationDelegate : Bootstrapping Spring Data JPA repositories in DEFAULT mode.
2024-09-19T22:25:51.607-03:00  INFO 41071 --- [xpto] [           main] .s.d.r.c.RepositoryConfigurationDelegate : Finished Spring Data repository scanning in 118 ms. Found 6 JPA repository interfaces.
2024-09-19T22:25:52.133-03:00  INFO 41071 --- [xpto] [           main] o.hibernate.jpa.internal.util.LogHelper  : HHH000204: Processing PersistenceUnitInfo [name: default]
2024-09-19T22:25:52.204-03:00  INFO 41071 --- [xpto] [           main] org.hibernate.Version                    : HHH000412: Hibernate ORM core version 6.5.2.Final
2024-09-19T22:25:52.256-03:00  INFO 41071 --- [xpto] [           main] o.h.c.internal.RegionFactoryInitiator    : HHH000026: Second-level cache disabled
2024-09-19T22:25:52.987-03:00  INFO 41071 --- [xpto] [           main] o.s.o.j.p.SpringPersistenceUnitInfo      : No LoadTimeWeaver setup: ignoring JPA class transformer
2024-09-19T22:25:57.361-03:00  INFO 41071 --- [xpto] [           main] com.zaxxer.hikari.HikariDataSource       : HikariPool-1 - Starting...
2024-09-19T22:26:04.865-03:00  INFO 41071 --- [xpto] [           main] com.zaxxer.hikari.pool.HikariPool        : HikariPool-1 - Added connection org.postgresql.jdbc.PgConnection@79ad1774
2024-09-19T22:26:04.868-03:00  INFO 41071 --- [xpto] [           main] com.zaxxer.hikari.HikariDataSource       : HikariPool-1 - Start completed.
2024-09-19T22:26:05.861-03:00  WARN 41071 --- [xpto] [           main] org.hibernate.orm.deprecation            : HHH90000025: PostgreSQLDialect does not need to be specified explicitly using 'hibernate.dialect' (remove the property setting and it will be selected by default)
2024-09-19T22:26:48.292-03:00  WARN 41071 --- [xpto] [           main] com.zaxxer.hikari.pool.PoolBase          : HikariPool-1 - Failed to validate connection org.postgresql.jdbc.PgConnection@79ad1774 (This connection has been closed.). Possibly consider using a shorter maxLifetime value.
2024-09-19T22:26:59.526-03:00  WARN 41071 --- [xpto] [           main] com.zaxxer.hikari.pool.PoolBase          : HikariPool-1 - Failed to validate connection org.postgresql.jdbc.PgConnection@5b0e9e0c (This connection has been closed.). Possibly consider using a shorter maxLifetime value.
2024-09-19T22:28:11.597-03:00  WARN 41071 --- [xpto] [l-1 housekeeper] com.zaxxer.hikari.pool.HikariPool        : HikariPool-1 - Thread starvation or clock leap detected (housekeeper delta=51s92ms357µs465ns).
2024-09-19T22:28:14.264-03:00  INFO 41071 --- [xpto] [           main] o.h.e.t.j.p.i.JtaPlatformInitiator       : HHH000489: No JTA platform available (set 'hibernate.transaction.jta.platform' to enable JTA platform integration)
Hibernate: create table cliente (id bigint not null, ativo boolean not null, data_criacao date, dia_ciclo integer not null, nome varchar(50) not null, qtd_movimento bigint, qtd_movimento_total bigint, telefone varchar(255) not null, valor_atual numeric(38,2), primary key (id))
Hibernate: create table conta (id bigint not null, valor_conta numeric(38,2), valor_fatura numeric(38,2), cliente_id bigint, primary key (id))
Hibernate: create table endereco (id bigint not null, bairro varchar(50) not null, cep varchar(11) not null, cidade varchar(50) not null, complemento varchar(50), logradouro varchar(50) not null, numero varchar(5), uf varchar(3) not null, cliente_id bigint, primary key (id))
Hibernate: create table movimentacao (id bigint not null, credito_ou_debito char(1) not null, data_movimentacao date, tipo_movimento char(1) not null, valor numeric(38,2) not null, valor_pago_movimentacoes numeric(38,2), cliente_id bigint, primary key (id))
Hibernate: create table pessoafisica (id bigint not null, cpf varchar(15), data_nascimento date, cliente_id bigint, primary key (id))
Hibernate: create table pessoajuridica (id bigint not null, cnpj varchar(18), nome_fantasia varchar(50), razao_social varchar(50), pessoajuridica_id bigint, primary key (id))
Hibernate: alter table if exists endereco drop constraint if exists UK5hhg2rsvgex3ulsdy1svy8s62
2024-09-19T22:28:14.500-03:00  WARN 41071 --- [xpto] [           main] o.h.engine.jdbc.spi.SqlExceptionHelper   : SQL Warning Code: 0, SQLState: 00000
2024-09-19T22:28:14.500-03:00  WARN 41071 --- [xpto] [           main] o.h.engine.jdbc.spi.SqlExceptionHelper   : constraint "uk5hhg2rsvgex3ulsdy1svy8s62" of relation "endereco" does not exist, skipping
Hibernate: alter table if exists endereco add constraint UK5hhg2rsvgex3ulsdy1svy8s62 unique (cliente_id)
Hibernate: alter table if exists pessoafisica drop constraint if exists UKk5dp50p6lsvqdio0elac6g2i8
2024-09-19T22:28:14.513-03:00  WARN 41071 --- [xpto] [           main] o.h.engine.jdbc.spi.SqlExceptionHelper   : SQL Warning Code: 0, SQLState: 00000
2024-09-19T22:28:14.513-03:00  WARN 41071 --- [xpto] [           main] o.h.engine.jdbc.spi.SqlExceptionHelper   : constraint "ukk5dp50p6lsvqdio0elac6g2i8" of relation "pessoafisica" does not exist, skipping
Hibernate: alter table if exists pessoafisica add constraint UKk5dp50p6lsvqdio0elac6g2i8 unique (cpf)
Hibernate: alter table if exists pessoafisica drop constraint if exists UK75ig0vqhdbkxp029d3xi9a6ef
2024-09-19T22:28:14.527-03:00  WARN 41071 --- [xpto] [           main] o.h.engine.jdbc.spi.SqlExceptionHelper   : SQL Warning Code: 0, SQLState: 00000
2024-09-19T22:28:14.527-03:00  WARN 41071 --- [xpto] [           main] o.h.engine.jdbc.spi.SqlExceptionHelper   : constraint "uk75ig0vqhdbkxp029d3xi9a6ef" of relation "pessoafisica" does not exist, skipping
Hibernate: alter table if exists pessoafisica add constraint UK75ig0vqhdbkxp029d3xi9a6ef unique (cliente_id)
Hibernate: alter table if exists pessoajuridica drop constraint if exists UKldgimn7od2iilk785t71ajw4
2024-09-19T22:28:14.548-03:00  WARN 41071 --- [xpto] [           main] o.h.engine.jdbc.spi.SqlExceptionHelper   : SQL Warning Code: 0, SQLState: 00000
2024-09-19T22:28:14.549-03:00  WARN 41071 --- [xpto] [           main] o.h.engine.jdbc.spi.SqlExceptionHelper   : constraint "ukldgimn7od2iilk785t71ajw4" of relation "pessoajuridica" does not exist, skipping
Hibernate: alter table if exists pessoajuridica add constraint UKldgimn7od2iilk785t71ajw4 unique (pessoajuridica_id)
Hibernate: create sequence cliente_seq start with 1 increment by 50
Hibernate: create sequence conta_seq start with 1 increment by 50
Hibernate: create sequence endereco_seq start with 1 increment by 50
Hibernate: create sequence movimentacao_seq start with 1 increment by 50
Hibernate: create sequence pessoafisica_seq start with 1 increment by 50
Hibernate: create sequence pessoajuridica_seq start with 1 increment by 50
Hibernate: alter table if exists conta add constraint FKfksaesgpmec0cph81iq5or1wn foreign key (cliente_id) references cliente
Hibernate: alter table if exists endereco add constraint FK8s7ivtl4foyhrfam9xqom73n9 foreign key (cliente_id) references cliente
Hibernate: alter table if exists movimentacao add constraint FKddbujrahjpivy44xqe1635jkm foreign key (cliente_id) references cliente
Hibernate: alter table if exists pessoafisica add constraint FKp6h4bq9exh1w06tel9my3n71r foreign key (cliente_id) references cliente
Hibernate: alter table if exists pessoajuridica add constraint FKni3shdl30cigppe12ag4oyk31 foreign key (pessoajuridica_id) references cliente
2024-09-19T22:28:14.644-03:00  INFO 41071 --- [xpto] [           main] j.LocalContainerEntityManagerFactoryBean : Initialized JPA EntityManagerFactory for persistence unit 'default'
2024-09-19T22:28:16.082-03:00  WARN 41071 --- [xpto] [           main] JpaBaseConfiguration$JpaWebConfiguration : spring.jpa.open-in-view is enabled by default. Therefore, database queries may be performed during view rendering. Explicitly configure spring.jpa.open-in-view to disable this warning
2024-09-19T22:28:16.847-03:00  INFO 41071 --- [xpto] [           main] com.example.xpto.XptoApplicationTests    : Started XptoApplicationTests in 146.701 seconds (process running for 148.14)
]]></system-out>
  </testcase>
</testsuite>